<?xml version="1.0" encoding="UTF-8"?>
<!-- Generated by org.testng.reporters.JUnitXMLReporter -->
<testsuite ignored="3" hostname="SarthakDell" failures="0" tests="1" name="Default test" time="10.119" errors="0" timestamp="2023-09-15T10:57:16 GMT-04:00">
  <testcase classname="com.qa.tutorialsninja.TestCases.RegisterTest" name="verifyRegisterWithNoDetails" time="0.82"/>
  <testcase classname="com.qa.tutorialsninja.TestCases.RegisterTest" name="verifyRegisterWithMandatoryDetails" time="0.0">
    <ignored/>
  </testcase> <!-- verifyRegisterWithMandatoryDetails -->
  <testcase classname="com.qa.tutorialsninja.TestCases.RegisterTest" name="verifyRegisterWithExistingEmail" time="0.0">
    <ignored/>
  </testcase> <!-- verifyRegisterWithExistingEmail -->
  <testcase classname="com.qa.tutorialsninja.TestCases.RegisterTest" name="verifyRegisterWithAllDetails" time="0.0">
    <ignored/>
  </testcase> <!-- verifyRegisterWithAllDetails -->
</testsuite> <!-- Default test -->
